mode: set
github.com/bartoszjasak/bookings/cmd/web/main.go:22.13,24.16 2 0
github.com/bartoszjasak/bookings/cmd/web/main.go:28.2,36.16 4 0
github.com/bartoszjasak/bookings/cmd/web/main.go:24.16,26.3 1 0
github.com/bartoszjasak/bookings/cmd/web/main.go:39.18,53.16 11 1
github.com/bartoszjasak/bookings/cmd/web/main.go:58.2,64.12 5 1
github.com/bartoszjasak/bookings/cmd/web/main.go:53.16,56.3 2 0
github.com/bartoszjasak/bookings/cmd/web/middleware.go:9.45,18.2 3 1
github.com/bartoszjasak/bookings/cmd/web/middleware.go:20.50,22.2 1 1
github.com/bartoszjasak/bookings/cmd/web/routes.go:12.55,38.2 19 1
